2025-09-04T15:23:21.632+09:00  INFO 11284 --- [petfriend] [main] c.e.petfriend.PetfriendApplication       : Starting PetfriendApplication using Java 17.0.12 with PID 11284 (C:\Users\user\Desktop\sdx\mini-project-task-manager\petfriend\petfriend\build\classes\java\main started by user in C:\Users\user\Desktop\sdx\mini-project-task-manager\petfriend)
2025-09-04T15:23:21.635+09:00  INFO 11284 --- [petfriend] [main] c.e.petfriend.PetfriendApplication       : The following 1 profile is active: "secret"
2025-09-04T15:23:22.296+09:00  INFO 11284 --- [petfriend] [main] .s.d.r.c.RepositoryConfigurationDelegate : Bootstrapping Spring Data JPA repositories in DEFAULT mode.
2025-09-04T15:23:22.311+09:00  INFO 11284 --- [petfriend] [main] .s.d.r.c.RepositoryConfigurationDelegate : Finished Spring Data repository scanning in 7 ms. Found 0 JPA repository interfaces.
2025-09-04T15:23:22.683+09:00  INFO 11284 --- [petfriend] [main] o.s.b.w.embedded.tomcat.TomcatWebServer  : Tomcat initialized with port 8080 (http)
2025-09-04T15:23:22.695+09:00  INFO 11284 --- [petfriend] [main] o.apache.catalina.core.StandardService   : Starting service [Tomcat]
2025-09-04T15:23:22.695+09:00  INFO 11284 --- [petfriend] [main] o.apache.catalina.core.StandardEngine    : Starting Servlet engine: [Apache Tomcat/10.1.43]
2025-09-04T15:23:22.734+09:00  INFO 11284 --- [petfriend] [main] o.a.c.c.C.[Tomcat].[localhost].[/]       : Initializing Spring embedded WebApplicationContext
2025-09-04T15:23:22.735+09:00  INFO 11284 --- [petfriend] [main] w.s.c.ServletWebServerApplicationContext : Root WebApplicationContext: initialization completed in 1048 ms
2025-09-04T15:23:22.857+09:00  INFO 11284 --- [petfriend] [main] o.hibernate.jpa.internal.util.LogHelper  : HHH000204: Processing PersistenceUnitInfo [name: default]
2025-09-04T15:23:22.914+09:00  INFO 11284 --- [petfriend] [main] org.hibernate.Version                    : HHH000412: Hibernate ORM core version 6.6.22.Final
2025-09-04T15:23:22.947+09:00  INFO 11284 --- [petfriend] [main] o.h.c.internal.RegionFactoryInitiator    : HHH000026: Second-level cache disabled
2025-09-04T15:23:23.201+09:00  INFO 11284 --- [petfriend] [main] o.s.o.j.p.SpringPersistenceUnitInfo      : No LoadTimeWeaver setup: ignoring JPA class transformer
2025-09-04T15:23:23.227+09:00  INFO 11284 --- [petfriend] [main] com.zaxxer.hikari.HikariDataSource       : HikariPool-1 - Starting...
2025-09-04T15:23:23.446+09:00  INFO 11284 --- [petfriend] [main] com.zaxxer.hikari.pool.HikariPool        : HikariPool-1 - Added connection com.mysql.cj.jdbc.ConnectionImpl@63e70bf9
2025-09-04T15:23:23.447+09:00  INFO 11284 --- [petfriend] [main] com.zaxxer.hikari.HikariDataSource       : HikariPool-1 - Start completed.
2025-09-04T15:23:23.518+09:00  INFO 11284 --- [petfriend] [main] org.hibernate.orm.connections.pooling    : HHH10001005: Database info:
	Database JDBC URL [Connecting through datasource 'HikariDataSource (HikariPool-1)']
	Database driver: undefined/unknown
	Database version: 8.0.43
	Autocommit mode: undefined/unknown
	Isolation level: undefined/unknown
	Minimum pool size: undefined/unknown
	Maximum pool size: undefined/unknown
2025-09-04T15:23:23.787+09:00  INFO 11284 --- [petfriend] [main] o.h.e.t.j.p.i.JtaPlatformInitiator       : HHH000489: No JTA platform available (set 'hibernate.transaction.jta.platform' to enable JTA platform integration)
2025-09-04T15:23:23.791+09:00  INFO 11284 --- [petfriend] [main] j.LocalContainerEntityManagerFactoryBean : Initialized JPA EntityManagerFactory for persistence unit 'default'
2025-09-04T15:23:23.817+09:00  WARN 11284 --- [petfriend] [main] JpaBaseConfiguration$JpaWebConfiguration : spring.jpa.open-in-view is enabled by default. Therefore, database queries may be performed during view rendering. Explicitly configure spring.jpa.open-in-view to disable this warning
2025-09-04T15:23:24.081+09:00  WARN 11284 --- [petfriend] [main] .s.s.UserDetailsServiceAutoConfiguration : 

Using generated security password: f5f358bd-a363-41eb-9daa-19101cb67a7c

This generated password is for development use only. Your security configuration must be updated before running your application in production.

2025-09-04T15:23:24.086+09:00  INFO 11284 --- [petfriend] [main] r$InitializeUserDetailsManagerConfigurer : Global AuthenticationManager configured with UserDetailsService bean with name inMemoryUserDetailsManager
2025-09-04T15:23:24.196+09:00  INFO 11284 --- [petfriend] [main] o.s.b.w.embedded.tomcat.TomcatWebServer  : Tomcat started on port 8080 (http) with context path '/'
2025-09-04T15:23:24.202+09:00  INFO 11284 --- [petfriend] [main] c.e.petfriend.PetfriendApplication       : Started PetfriendApplication in 3.094 seconds (process running for 3.602)
2025-09-04T15:23:37.022+09:00  INFO 11284 --- [petfriend] [SpringApplicationShutdownHook] o.s.b.w.e.tomcat.GracefulShutdown        : Commencing graceful shutdown. Waiting for active requests to complete
2025-09-04T15:23:37.048+09:00  INFO 11284 --- [petfriend] [tomcat-shutdown] o.s.b.w.e.tomcat.GracefulShutdown        : Graceful shutdown complete
2025-09-04T15:23:37.051+09:00  INFO 11284 --- [petfriend] [SpringApplicationShutdownHook] j.LocalContainerEntityManagerFactoryBean : Closing JPA EntityManagerFactory for persistence unit 'default'
2025-09-04T15:23:37.053+09:00  INFO 11284 --- [petfriend] [SpringApplicationShutdownHook] com.zaxxer.hikari.HikariDataSource       : HikariPool-1 - Shutdown initiated...
2025-09-04T15:23:37.057+09:00  INFO 11284 --- [petfriend] [SpringApplicationShutdownHook] com.zaxxer.hikari.HikariDataSource       : HikariPool-1 - Shutdown completed.
